<?xml version="1.0" encoding="UTF-8"?>
<!-- Generated by org.testng.reporters.JUnitReportReporter -->
<testsuite hostname="bhakta345-Inspiron-5559" failures="0" tests="1" name="runners.MyRunner" time="11.437" errors="0" timestamp="2024-04-01T12:11:26 IST" skipped="0">
  <testcase classname="runners.MyRunner" name="runScenario" time="11.437"/>
</testsuite> <!-- runners.MyRunner -->
