<?xml version="1.0" encoding="UTF-8"?>
<!-- Generated by org.testng.reporters.JUnitReportReporter -->
<testsuite hostname="bhakta345-Inspiron-5559" failures="0" tests="1" name="runners.OneMapRunner" time="7.622" errors="0" timestamp="2024-03-26T02:19:15 IST" skipped="0">
  <testcase classname="runners.OneMapRunner" name="runScenario" time="7.622"/>
</testsuite> <!-- runners.OneMapRunner -->
